{"level":"error","message":"Sun Dec 19 2021 15:14:55 GMT+0700 (Indochina Time)-{\"expose\":true,\"statusCode\":400,\"status\":400,\"body\":\"{\\r\\n    email:\\\"tue156564\\\",\\r\\n    password:\\\"123456\\\"\\r\\n}\",\"type\":\"entity.parse.failed\"}","private":true}
{"level":"error","message":"Sun Dec 19 2021 15:18:34 GMT+0700 (Indochina Time)-{}","private":true}
{"level":"error","message":"Sun Dec 19 2021 15:21:55 GMT+0700 (Indochina Time)-{\"name\":\"Data Not found\",\"statusCode\":{},\"isOperational\":true}","private":true}
{"level":"error","message":"Sun Dec 19 2021 15:24:21 GMT+0700 (Indochina Time)-{\"name\":\"Data Not found\",\"statusCode\":{},\"isOperational\":true}","private":true}
{"level":"error","message":"Sun Dec 19 2021 15:26:56 GMT+0700 (Indochina Time)-{\"name\":\"Data Not found\",\"statusCode\":{},\"isOperational\":true}","private":true}
{"level":"error","message":"Sun Dec 19 2021 15:28:34 GMT+0700 (Indochina Time)-{\"name\":\"Data Not found\",\"statusCode\":{},\"isOperational\":true}","private":true}
{"level":"error","message":"Sun Dec 19 2021 15:33:11 GMT+0700 (Indochina Time)-{\"name\":\"Data Not found\",\"statusCode\":{},\"isOperational\":true}","private":true}
{"level":"error","message":"Sun Dec 19 2021 15:43:34 GMT+0700 (Indochina Time)-{\"name\":\"Data Not found\",\"statusCode\":{},\"isOperational\":true}","private":true}
{"level":"error","message":"Sun Dec 19 2021 15:44:45 GMT+0700 (Indochina Time)-{\"name\":\"Data Not found\",\"statusCode\":{},\"isOperational\":true}","private":true}
{"level":"error","message":"Sun Dec 19 2021 15:56:14 GMT+0700 (Indochina Time)-{\"name\":\"Data Not found\",\"statusCode\":{\"name\":\"API Error\",\"statusCode\":500,\"isOperational\":true},\"isOperational\":true}","private":true}
{"level":"error","message":"Sun Dec 19 2021 15:57:47 GMT+0700 (Indochina Time)-{\"name\":\"Data Not found\",\"statusCode\":{\"name\":\"API Error\",\"statusCode\":500,\"isOperational\":true},\"isOperational\":true}","private":true}
{"level":"error","message":"Sun Dec 19 2021 16:07:37 GMT+0700 (Indochina Time)-{\"name\":\"Data Not found\",\"statusCode\":{},\"isOperational\":true}","private":true}
{"level":"error","message":"Sun Dec 19 2021 16:09:40 GMT+0700 (Indochina Time)-{\"name\":\"Data Not found\",\"statusCode\":{\"name\":\"API Error\",\"statusCode\":500,\"isOperational\":true},\"isOperational\":true}","private":true}
{"level":"error","message":"Sun Dec 19 2021 17:48:18 GMT+0700 (Indochina Time)-{\"name\":\"Data Not found\",\"statusCode\":{\"name\":\"API Error\",\"statusCode\":500,\"description\":\"Unable to Create user!\",\"isOperational\":true},\"description\":\"Internal Server Error\",\"isOperational\":true}","private":true}
{"level":"error","message":"Sun Dec 19 2021 17:48:58 GMT+0700 (Indochina Time)-{\"name\":\"Data Not found\",\"statusCode\":{\"name\":\"API Error\",\"statusCode\":500,\"description\":\"Unable to Create user!\",\"isOperational\":true},\"description\":\"Internal Server Error\",\"isOperational\":true}","private":true}
{"level":"error","message":"Sun Dec 19 2021 17:49:31 GMT+0700 (Indochina Time)-{\"name\":\"Data Not found\",\"statusCode\":{\"name\":\"API Error\",\"statusCode\":500,\"description\":\"Unable to Create user!\",\"isOperational\":true},\"description\":\"Internal Server Error\",\"isOperational\":true}","private":true}
{"level":"error","message":"Sun Dec 19 2021 17:52:47 GMT+0700 (Indochina Time)-{\"name\":\"Data Not found\",\"statusCode\":{\"name\":\"API Error\",\"statusCode\":500,\"description\":\"Unable to Create user!\",\"isOperational\":true},\"description\":\"Internal Server Error\",\"isOperational\":true}","private":true}
{"level":"error","message":"Sun Dec 19 2021 18:01:19 GMT+0700 (Indochina Time)-{\"name\":\"Data Not found\",\"statusCode\":{},\"description\":\"Internal Server Error\",\"isOperational\":true}","private":true}
{"level":"error","message":"Sun Dec 19 2021 18:18:07 GMT+0700 (Indochina Time)-{}","private":true}
{"level":"error","message":"Sun Dec 19 2021 18:19:35 GMT+0700 (Indochina Time)-{}","private":true}
{"level":"error","message":"Sun Dec 19 2021 19:22:34 GMT+0700 (Indochina Time)-{}","private":true}
{"level":"error","message":"Sun Dec 19 2021 19:23:32 GMT+0700 (Indochina Time)-{}","private":true}
{"level":"error","message":"Mon Dec 20 2021 16:28:42 GMT+0700 (Indochina Time)-{}","private":true}
{"level":"error","message":"Mon Dec 20 2021 16:31:08 GMT+0700 (Indochina Time)-{}","private":true}
{"level":"error","message":"Thu Dec 23 2021 15:33:40 GMT+0700 (Indochina Time)-{\"code\":\"ERR_HTTP_HEADERS_SENT\"}","private":true}
{"level":"error","message":"Thu Dec 23 2021 15:41:17 GMT+0700 (Indochina Time)-{}","private":true}
{"level":"error","message":"Thu Dec 23 2021 15:56:42 GMT+0700 (Indochina Time)-{\"code\":\"ERR_HTTP_HEADERS_SENT\"}","private":true}
{"level":"error","message":"Thu Dec 23 2021 15:57:58 GMT+0700 (Indochina Time)-{\"code\":\"ERR_HTTP_HEADERS_SENT\"}","private":true}
{"level":"error","message":"Thu Dec 23 2021 16:11:02 GMT+0700 (Indochina Time)-{}","private":true}
{"level":"error","message":"Sat Dec 25 2021 11:51:49 GMT+0700 (Indochina Time)-{}","private":true}
{"level":"error","message":"Sat Dec 25 2021 11:55:35 GMT+0700 (Indochina Time)-{}","private":true}
{"level":"error","message":"Sat Dec 25 2021 11:59:34 GMT+0700 (Indochina Time)-{}","private":true}
{"level":"error","message":"Wed Dec 29 2021 21:45:48 GMT+0700 (Indochina Time)-{}","private":true}
{"level":"error","message":"Wed Dec 29 2021 22:18:29 GMT+0700 (Indochina Time)-{}","private":true}
{"level":"error","message":"Wed Dec 29 2021 22:19:25 GMT+0700 (Indochina Time)-{}","private":true}
{"level":"error","message":"Sun Jan 09 2022 14:16:52 GMT+0700 (Indochina Time)-{\"expose\":true,\"statusCode\":400,\"status\":400,\"body\":\"{\\r\\n    \\\"email\\\": \\\"tudeeptry7@gmail.com\\\",\\r\\n    \\\"password\\\":\\\"Tu@12345\\\",\\r\\n}\",\"type\":\"entity.parse.failed\"}","private":true}
{"level":"error","message":"Sun Jan 09 2022 16:27:38 GMT+0700 (Indochina Time)-{}","private":true}
{"level":"error","message":"Sun Jan 09 2022 16:34:16 GMT+0700 (Indochina Time)-{}","private":true}
